SF:.\Merlin.lua
DA:12,0
DA:13,0
DA:14,0
DA:15,0
DA:17,0
DA:32,0
DA:33,0
DA:34,0
DA:35,0
DA:36,0
DA:37,0
DA:38,0
DA:39,0
DA:40,0
DA:44,0
DA:49,0
DA:57,38
DA:59,0
DA:60,0
DA:62,0
DA:63,0
DA:64,0
DA:67,0
DA:70,0
DA:71,0
DA:72,0
DA:75,0
DA:78,0
DA:79,0
DA:80,0
DA:81,0
DA:82,0
DA:92,0
DA:94,0
DA:95,0
DA:96,0
DA:97,0
DA:98,0
DA:100,0
DA:103,0
DA:107,0
DA:114,0
DA:116,0
DA:117,0
DA:119,0
DA:128,0
DA:129,0
DA:130,0
DA:131,0
DA:133,0
DA:135,0
DA:137,0
DA:144,350
DA:145,350
DA:149,349
DA:150,349
DA:152,155
DA:153,206
DA:155,206
DA:156,206
DA:158,206
DA:159,155
DA:161,155
DA:162,155
DA:163,155
DA:165,155
DA:168,51
DA:169,51
DA:171,51
DA:175,0
DA:176,0
DA:179,0
DA:180,0
DA:184,0
DA:185,0
DA:186,0
DA:187,0
DA:190,0
DA:191,0
DA:193,0
DA:195,0
DA:196,0
DA:198,0
DA:199,0
DA:200,0
DA:201,0
DA:205,0
DA:206,0
DA:208,0
DA:211,0
DA:212,0
DA:213,0
DA:215,0
DA:218,0
DA:220,0
DA:221,0
DA:224,0
DA:225,0
DA:227,0
DA:230,0
DA:236,0
DA:237,0
DA:240,0
DA:250,0
DA:251,0
DA:254,0
DA:255,0
DA:257,0
DA:259,0
DA:260,0
DA:262,0
DA:266,0
DA:273,38
DA:274,38
DA:275,38
DA:276,38
DA:278,38
DA:280,38
DA:281,38
DA:283,38
DA:288,0
DA:289,0
DA:291,0
DA:292,0
DA:294,0
DA:296,0
DA:300,0
DA:302,0
DA:305,0
DA:306,0
DA:307,0
DA:311,0
DA:312,0
DA:315,0
DA:318,0
DA:319,38
DA:322,0
DA:323,0
DA:324,0
DA:326,0
DA:327,0
DA:328,0
DA:331,0
DA:333,0
DA:342,45
DA:344,45
DA:352,45
DA:353,45
DA:356,0
DA:357,0
DA:359,0
DA:360,0
DA:363,0
DA:364,0
DA:367,0
DA:368,0
DA:371,0
DA:374,0
DA:376,0
DA:383,0
DA:384,0
DA:385,0
DA:388,0
DA:389,0
DA:394,0
DA:395,0
DA:397,0
DA:401,0
DA:402,0
DA:405,0
DA:408,0
DA:409,0
DA:410,0
DA:412,0
DA:413,0
DA:414,0
DA:416,0
DA:419,0
DA:422,0
DA:431,0
DA:433,0
DA:434,0
DA:435,0
DA:438,0
DA:439,0
DA:441,0
DA:446,0
DA:448,0
DA:449,0
DA:450,0
DA:453,0
DA:454,0
DA:456,0
DA:457,0
DA:460,0
DA:462,0
DA:463,0
DA:464,0
DA:465,0
DA:468,0
DA:472,0
DA:473,0
DA:474,0
DA:478,0
DA:479,0
DA:481,0
DA:482,0
DA:484,0
DA:486,0
DA:487,0
DA:489,0
DA:493,0
DA:495,0
DA:496,0
DA:499,0
DA:504,0
DA:508,0
DA:509,0
DA:510,0
DA:512,0
DA:513,0
DA:516,0
DA:518,0
DA:519,0
DA:521,0
DA:522,0
DA:524,0
DA:528,0
DA:529,0
DA:533,0
DA:536,0
DA:537,0
DA:539,0
DA:541,0
DA:542,0
DA:548,0
DA:549,0
DA:550,0
DA:552,0
DA:553,0
DA:556,0
DA:557,0
DA:559,0
DA:560,0
DA:561,0
DA:563,0
DA:564,0
DA:566,0
DA:567,0
DA:568,0
DA:573,0
DA:574,0
DA:576,0
DA:577,0
DA:578,0
DA:580,0
DA:581,0
DA:583,0
DA:591,0
DA:593,0
DA:595,0
DA:597,0
DA:598,0
DA:599,0
DA:602,0
DA:604,0
DA:605,0
DA:606,0
DA:608,0
DA:609,0
DA:610,0
DA:614,0
DA:624,0
DA:626,0
DA:627,0
DA:628,0
DA:629,0
DA:633,0
DA:635,0
DA:637,0
DA:639,0
DA:641,0
DA:642,0
DA:643,0
DA:645,0
DA:647,0
DA:648,0
DA:650,0
DA:651,0
DA:653,0
DA:654,0
DA:656,0
DA:661,0
DA:662,0
DA:664,0
DA:675,0
DA:677,0
DA:678,0
DA:679,0
DA:682,0
DA:687,0
DA:688,0
DA:689,0
DA:690,0
DA:693,0
DA:694,0
DA:695,0
DA:696,0
DA:699,0
DA:700,0
DA:701,0
DA:703,0
DA:708,0
DA:716,0
DA:717,0
DA:719,0
DA:720,0
DA:723,0
DA:724,0
DA:730,0
DA:732,0
DA:733,0
DA:734,0
DA:736,0
DA:739,0
DA:745,0
DA:747,0
DA:751,0
DA:753,0
DA:755,0
DA:756,0
DA:757,0
DA:758,0
DA:762,0
DA:764,0
DA:768,0
DA:770,0
DA:772,0
DA:773,0
DA:777,0
DA:778,0
DA:779,0
DA:783,0
DA:787,0
DA:788,0
DA:789,0
DA:790,0
DA:792,0
DA:796,0
DA:800,0
DA:802,0
DA:803,0
DA:806,0
DA:812,0
DA:814,0
DA:815,0
DA:816,0
DA:819,0
DA:820,0
DA:821,0
DA:822,0
DA:824,0
DA:825,0
DA:827,0
DA:829,0
DA:835,0
DA:837,0
DA:840,0
DA:842,0
end_of_record
SF:.\MerlinCollection.lua
DA:1,0
DA:2,0
DA:7,0
DA:9,0
DA:11,0
DA:12,0
DA:15,0
DA:16,0
DA:17,0
DA:18,0
DA:19,0
DA:20,0
DA:21,0
DA:22,0
DA:23,0
DA:25,0
DA:29,0
DA:33,0
DA:34,0
DA:35,0
DA:39,0
DA:43,0
DA:44,0
DA:45,0
DA:51,38
DA:53,38
DA:54,7
DA:57,38
DA:59,38
DA:60,75
DA:61,45
DA:65,38
DA:71,73
DA:73,73
DA:75,73
DA:77,71
DA:81,0
DA:83,0
DA:84,0
DA:85,0
DA:89,0
DA:91,0
DA:93,0
DA:94,0
DA:98,3
DA:99,3
DA:101,6
DA:102,5
DA:103,2
DA:106,1
DA:110,33
DA:112,33
DA:114,27
DA:118,0
DA:119,0
DA:121,0
DA:122,0
DA:123,0
DA:124,0
DA:128,0
DA:132,7
DA:133,7
DA:135,21
DA:136,14
DA:139,7
DA:145,2
DA:146,2
DA:148,5
DA:149,3
DA:152,2
DA:158,0
DA:159,0
DA:160,0
DA:163,0
DA:165,0
DA:167,0
DA:168,0
DA:169,0
DA:170,0
DA:173,0
DA:177,1
DA:179,2
DA:180,2
DA:181,2
DA:182,2
DA:183,5
DA:184,3
DA:185,3
DA:188,0
DA:191,0
DA:193,3
DA:195,1
DA:199,0
DA:200,0
DA:202,0
DA:203,0
DA:204,0
DA:206,0
DA:208,0
DA:210,0
DA:213,0
DA:221,4
DA:222,4
DA:226,0
DA:227,0
DA:228,0
DA:231,0
DA:233,0
DA:235,0
DA:237,0
DA:238,0
DA:239,0
DA:242,0
DA:246,3
DA:248,3
DA:249,0
DA:250,0
DA:253,3
DA:254,0
DA:255,0
DA:258,3
DA:259,3
DA:260,3
DA:262,9
DA:263,6
DA:265,6
DA:266,6
DA:267,0
DA:269,6
DA:271,0
DA:273,0
DA:277,3
DA:283,0
DA:285,0
DA:289,6
DA:290,6
DA:291,3
DA:295,0
DA:296,0
DA:302,6
DA:303,6
DA:308,0
DA:310,0
DA:311,0
DA:313,0
DA:314,0
DA:315,0
DA:318,0
DA:322,0
DA:323,0
DA:324,0
DA:325,0
DA:326,0
DA:329,0
DA:330,0
DA:334,0
DA:337,0
DA:339,0
DA:340,0
DA:342,0
DA:344,0
DA:345,0
DA:346,0
DA:348,0
DA:349,0
DA:351,0
DA:352,0
DA:353,0
DA:355,0
DA:362,0
DA:363,0
DA:364,0
DA:367,0
DA:374,0
DA:376,0
DA:381,0
DA:382,0
DA:390,1
DA:394,0
DA:395,0
DA:396,0
DA:399,0
DA:401,0
DA:402,0
DA:403,0
DA:404,0
DA:408,4
DA:409,6
DA:410,0
DA:411,3
DA:412,3
DA:413,3
DA:414,3
DA:415,2
DA:421,0
DA:423,0
DA:424,0
DA:425,0
DA:428,0
DA:429,0
DA:430,0
DA:434,0
DA:435,0
DA:436,0
DA:439,0
DA:441,0
DA:442,0
DA:443,0
DA:444,0
DA:449,0
DA:450,0
DA:451,0
DA:452,0
DA:456,0
end_of_record
SF:.\MerlinEvaluator.lua
DA:1,1
DA:2,1
DA:6,8
DA:9,8
DA:10,0
DA:11,0
DA:12,0
DA:13,0
DA:14,0
DA:16,0
DA:17,0
DA:21,18
DA:22,14
DA:23,4
DA:27,4
DA:30,1
DA:31,2
DA:32,4
DA:33,1
DA:34,1
DA:35,1
DA:36,1
DA:37,1
DA:38,1
DA:39,1
DA:40,0
DA:41,8
DA:42,1
DA:43,0
DA:44,0
DA:45,1
DA:49,0
DA:50,0
DA:51,0
DA:53,0
DA:59,4
DA:60,2
DA:61,2
DA:64,4
DA:65,4
DA:67,0
DA:70,4
DA:74,15
DA:77,15
DA:78,0
DA:79,0
DA:80,0
DA:81,0
DA:82,0
DA:85,0
DA:86,0
DA:87,0
DA:88,0
DA:89,0
DA:91,0
DA:94,15
DA:95,15
DA:99,12
DA:100,12
DA:102,12
DA:105,1
end_of_record
SF:.\MerlinQueryBuilder.lua
DA:1,1
DA:3,1
DA:4,1
DA:6,1
DA:9,18
DA:10,12
DA:11,12
DA:12,12
DA:13,6
DA:18,6
DA:22,6
DA:23,6
DA:24,6
DA:27,6
DA:31,0
DA:32,0
DA:33,0
DA:35,0
DA:36,0
DA:37,0
DA:38,0
DA:40,0
DA:42,0
DA:46,6
DA:47,6
DA:48,6
DA:50,12
DA:51,12
DA:52,6
DA:54,18
DA:56,6
DA:57,6
DA:61,4
DA:63,8
DA:64,4
DA:65,4
DA:66,4
DA:67,4
DA:70,4
DA:74,4
DA:75,2
DA:76,2
DA:77,2
DA:78,2
DA:80,2
DA:84,0
DA:85,0
DA:86,0
DA:87,0
DA:88,0
DA:90,0
DA:93,1
end_of_record
SF:.\Types\ArrayList.lua
DA:1,0
DA:2,0
DA:5,118
DA:8,116
DA:9,116
DA:13,110
DA:14,110
DA:16,110
DA:20,7
DA:22,14
DA:23,7
DA:26,46
DA:27,10
DA:30,36
DA:31,36
DA:32,0
DA:33,6
DA:37,24
DA:42,0
end_of_record
